<?xml version="1.0" encoding="UTF-8"?>
<!-- Generated by org.testng.reporters.JUnitReportReporter -->
<testsuite skipped="1" hostname="DESKTOP-C37E15E" name="quick.ExtentArr.FirstTest" tests="2" failures="0" timestamp="25 Aug 2020 09:26:11 GMT" time="21.038" errors="0">
  <testcase name="start" time="21.038" classname="quick.ExtentArr.FirstTest"/>
  <testcase name="finalClose" classname="quick.ExtentArr.FirstTest">
    <skipped/>
  </testcase> <!-- finalClose -->
</testsuite> <!-- quick.ExtentArr.FirstTest -->
